<?xml version="1.0" encoding="UTF-8"?>
<!-- Generated by org.testng.reporters.JUnitReportReporter -->
<testsuite skipped="0" hostname="AnnaThan-Plus65-MBP-23.local" name="Cirro.Test.CheckMemLogin" tests="1" failures="0" timestamp="28 Feb 2018 02:31:51 GMT" time="10.771" errors="0">
  <testcase name="testLogin" time="10.771" classname="Cirro.Test.CheckMemLogin"/>
</testsuite> <!-- Cirro.Test.CheckMemLogin -->
