<?xml version="1.0" encoding="UTF-8"?>
<!-- Generated by org.testng.reporters.JUnitReportReporter -->
<testsuite skipped="0" hostname="AnnaThan-Plus65-MBP-23.local" name="Cirro.Test.AdminTestSuit" tests="10" failures="0" timestamp="28 Mar 2018 07:39:27 GMT" time="53.309" errors="0">
  <testcase name="goToPlanManagement" time="6.209" classname="Cirro.Test.AdminTestSuit"/>
  <testcase name="checkMyWalletMenu" time="6.095" classname="Cirro.Test.AdminTestSuit"/>
  <testcase name="goToNetworks" time="4.955" classname="Cirro.Test.AdminTestSuit"/>
  <testcase name="goToSystemConfig" time="5.065" classname="Cirro.Test.AdminTestSuit"/>
  <testcase name="goToClientManagement" time="4.791" classname="Cirro.Test.AdminTestSuit"/>
  <testcase name="goToReport" time="5.441" classname="Cirro.Test.AdminTestSuit"/>
  <testcase name="goToMyAccount" time="5.864" classname="Cirro.Test.AdminTestSuit"/>
  <testcase name="goToSupportTicket" time="5.282" classname="Cirro.Test.AdminTestSuit"/>
  <testcase name="goToWalletManagement" time="4.854" classname="Cirro.Test.AdminTestSuit"/>
  <testcase name="checkUserAccountStatus" time="4.753" classname="Cirro.Test.AdminTestSuit"/>
</testsuite> <!-- Cirro.Test.AdminTestSuit -->
